{"/home/harshtambe/Projects/react-rampup/11-Testing/src/components/About.js": {"path":"/home/harshtambe/Projects/react-rampup/11-Testing/src/components/About.js","statementMap":{"0":{"start":{"line":2,"column":2},"end":{"line":10,"column":4}}},"fnMap":{"0":{"name":"About","decl":{"start":{"line":1,"column":9},"end":{"line":1,"column":14}},"loc":{"start":{"line":1,"column":17},"end":{"line":11,"column":1}},"line":1}},"branchMap":{},"s":{"0":2},"f":{"0":2},"b":{},"_coverageSchema":"1a1c01bbd47fc00a2c39e90264f33305004495a9","hash":"e80ba20f2fce79b8ddfdedefa19ffdf31229b57d"}
,"/home/harshtambe/Projects/react-rampup/11-Testing/src/utils/sum.js": {"path":"/home/harshtambe/Projects/react-rampup/11-Testing/src/utils/sum.js","statementMap":{"0":{"start":{"line":2,"column":2},"end":{"line":2,"column":15}}},"fnMap":{"0":{"name":"sum","decl":{"start":{"line":1,"column":16},"end":{"line":1,"column":19}},"loc":{"start":{"line":1,"column":26},"end":{"line":3,"column":1}},"line":1}},"branchMap":{},"s":{"0":1},"f":{"0":1},"b":{},"_coverageSchema":"1a1c01bbd47fc00a2c39e90264f33305004495a9","hash":"525c01027167039ebb1e775906f59c08954769cf"}
}
